Determining if the pthread_create exist failed with the following output:
Change Dir: /home/pedro/quadcopter/rosbuild/cam/build/CMakeFiles/CMakeTmp

Run Build Command:"/usr/bin/make" "cmTryCompileExec3321016461/fast"
make[1]: Entering directory `/home/pedro/quadcopter/rosbuild/cam/build/CMakeFiles/CMakeTmp'
/usr/bin/make -f CMakeFiles/cmTryCompileExec3321016461.dir/build.make CMakeFiles/cmTryCompileExec3321016461.dir/build
make[2]: Entering directory `/home/pedro/quadcopter/rosbuild/cam/build/CMakeFiles/CMakeTmp'
/usr/bin/cmake -E cmake_progress_report /home/pedro/quadcopter/rosbuild/cam/build/CMakeFiles/CMakeTmp/CMakeFiles 1
Building C object CMakeFiles/cmTryCompileExec3321016461.dir/CheckSymbolExists.c.o
/usr/bin/cc    -o CMakeFiles/cmTryCompileExec3321016461.dir/CheckSymbolExists.c.o   -c /home/pedro/quadcopter/rosbuild/cam/build/CMakeFiles/CMakeTmp/CheckSymbolExists.c
Linking C executable cmTryCompileExec3321016461
/usr/bin/cmake -E cmake_link_script CMakeFiles/cmTryCompileExec3321016461.dir/link.txt --verbose=1
/usr/bin/cc       CMakeFiles/cmTryCompileExec3321016461.dir/CheckSymbolExists.c.o  -o cmTryCompileExec3321016461 -rdynamic 
CMakeFiles/cmTryCompileExec3321016461.dir/CheckSymbolExists.c.o: In function `main':
CheckSymbolExists.c:(.text+0x16): undefined reference to `pthread_create'
collect2: error: ld returned 1 exit status
make[2]: Leaving directory `/home/pedro/quadcopter/rosbuild/cam/build/CMakeFiles/CMakeTmp'
make[1]: Leaving directory `/home/pedro/quadcopter/rosbuild/cam/build/CMakeFiles/CMakeTmp'
make[2]: *** [cmTryCompileExec3321016461] Error 1
make[1]: *** [cmTryCompileExec3321016461/fast] Error 2

File /home/pedro/quadcopter/rosbuild/cam/build/CMakeFiles/CMakeTmp/CheckSymbolExists.c:
/* */
#include <pthread.h>

int main(int argc, char** argv)
{
  (void)argv;
#ifndef pthread_create
  return ((int*)(&pthread_create))[argc];
#else
  (void)argc;
  return 0;
#endif
}

Determining if the function pthread_create exists in the pthreads failed with the following output:
Change Dir: /home/pedro/quadcopter/rosbuild/cam/build/CMakeFiles/CMakeTmp

Run Build Command:"/usr/bin/make" "cmTryCompileExec1710340958/fast"
make[1]: Entering directory `/home/pedro/quadcopter/rosbuild/cam/build/CMakeFiles/CMakeTmp'
/usr/bin/make -f CMakeFiles/cmTryCompileExec1710340958.dir/build.make CMakeFiles/cmTryCompileExec1710340958.dir/build
make[2]: Entering directory `/home/pedro/quadcopter/rosbuild/cam/build/CMakeFiles/CMakeTmp'
/usr/bin/cmake -E cmake_progress_report /home/pedro/quadcopter/rosbuild/cam/build/CMakeFiles/CMakeTmp/CMakeFiles 1
Building C object CMakeFiles/cmTryCompileExec1710340958.dir/CheckFunctionExists.c.o
/usr/bin/cc   -DCHECK_FUNCTION_EXISTS=pthread_create   -o CMakeFiles/cmTryCompileExec1710340958.dir/CheckFunctionExists.c.o   -c /usr/share/cmake-3.2/Modules/CheckFunctionExists.c
Linking C executable cmTryCompileExec1710340958
/usr/bin/cmake -E cmake_link_script CMakeFiles/cmTryCompileExec1710340958.dir/link.txt --verbose=1
/usr/bin/cc   -DCHECK_FUNCTION_EXISTS=pthread_create    CMakeFiles/cmTryCompileExec1710340958.dir/CheckFunctionExists.c.o  -o cmTryCompileExec1710340958 -rdynamic -lpthreads 
/usr/bin/ld: cannot find -lpthreads
collect2: error: ld returned 1 exit status
make[2]: Leaving directory `/home/pedro/quadcopter/rosbuild/cam/build/CMakeFiles/CMakeTmp'
make[1]: Leaving directory `/home/pedro/quadcopter/rosbuild/cam/build/CMakeFiles/CMakeTmp'
make[2]: *** [cmTryCompileExec1710340958] Error 1
make[1]: *** [cmTryCompileExec1710340958/fast] Error 2


Determining if the Q_WS_WIN exist failed with the following output:
Change Dir: /home/pedro/quadcopter/rosbuild/cam/build/CMakeFiles/CMakeTmp

Run Build Command:"/usr/bin/make" "cmTryCompileExec3060297792/fast"
make[1]: Entering directory `/home/pedro/quadcopter/rosbuild/cam/build/CMakeFiles/CMakeTmp'
/usr/bin/make -f CMakeFiles/cmTryCompileExec3060297792.dir/build.make CMakeFiles/cmTryCompileExec3060297792.dir/build
make[2]: Entering directory `/home/pedro/quadcopter/rosbuild/cam/build/CMakeFiles/CMakeTmp'
/usr/bin/cmake -E cmake_progress_report /home/pedro/quadcopter/rosbuild/cam/build/CMakeFiles/CMakeTmp/CMakeFiles 1
Building CXX object CMakeFiles/cmTryCompileExec3060297792.dir/CheckSymbolExists.cxx.o
/usr/bin/c++    -std=c++11  -I/usr/include/qt4    -o CMakeFiles/cmTryCompileExec3060297792.dir/CheckSymbolExists.cxx.o -c /home/pedro/quadcopter/rosbuild/cam/build/CMakeFiles/CMakeTmp/CheckSymbolExists.cxx
/home/pedro/quadcopter/rosbuild/cam/build/CMakeFiles/CMakeTmp/CheckSymbolExists.cxx: In function ‘int main(int, char**)’:
/home/pedro/quadcopter/rosbuild/cam/build/CMakeFiles/CMakeTmp/CheckSymbolExists.cxx:8:19: error: ‘Q_WS_WIN’ was not declared in this scope
   return ((int*)(&Q_WS_WIN))[argc];
                   ^
make[2]: Leaving directory `/home/pedro/quadcopter/rosbuild/cam/build/CMakeFiles/CMakeTmp'
make[2]: *** [CMakeFiles/cmTryCompileExec3060297792.dir/CheckSymbolExists.cxx.o] Error 1
make[1]: Leaving directory `/home/pedro/quadcopter/rosbuild/cam/build/CMakeFiles/CMakeTmp'
make[1]: *** [cmTryCompileExec3060297792/fast] Error 2

File /home/pedro/quadcopter/rosbuild/cam/build/CMakeFiles/CMakeTmp/CheckSymbolExists.cxx:
/* */
#include <QtCore/qglobal.h>

int main(int argc, char** argv)
{
  (void)argv;
#ifndef Q_WS_WIN
  return ((int*)(&Q_WS_WIN))[argc];
#else
  (void)argc;
  return 0;
#endif
}

Determining if the Q_WS_QWS exist failed with the following output:
Change Dir: /home/pedro/quadcopter/rosbuild/cam/build/CMakeFiles/CMakeTmp

Run Build Command:"/usr/bin/make" "cmTryCompileExec3036132589/fast"
make[1]: Entering directory `/home/pedro/quadcopter/rosbuild/cam/build/CMakeFiles/CMakeTmp'
/usr/bin/make -f CMakeFiles/cmTryCompileExec3036132589.dir/build.make CMakeFiles/cmTryCompileExec3036132589.dir/build
make[2]: Entering directory `/home/pedro/quadcopter/rosbuild/cam/build/CMakeFiles/CMakeTmp'
/usr/bin/cmake -E cmake_progress_report /home/pedro/quadcopter/rosbuild/cam/build/CMakeFiles/CMakeTmp/CMakeFiles 1
Building CXX object CMakeFiles/cmTryCompileExec3036132589.dir/CheckSymbolExists.cxx.o
/usr/bin/c++    -std=c++11  -I/usr/include/qt4    -o CMakeFiles/cmTryCompileExec3036132589.dir/CheckSymbolExists.cxx.o -c /home/pedro/quadcopter/rosbuild/cam/build/CMakeFiles/CMakeTmp/CheckSymbolExists.cxx
/home/pedro/quadcopter/rosbuild/cam/build/CMakeFiles/CMakeTmp/CheckSymbolExists.cxx: In function ‘int main(int, char**)’:
/home/pedro/quadcopter/rosbuild/cam/build/CMakeFiles/CMakeTmp/CheckSymbolExists.cxx:8:19: error: ‘Q_WS_QWS’ was not declared in this scope
   return ((int*)(&Q_WS_QWS))[argc];
                   ^
make[2]: Leaving directory `/home/pedro/quadcopter/rosbuild/cam/build/CMakeFiles/CMakeTmp'
make[2]: *** [CMakeFiles/cmTryCompileExec3036132589.dir/CheckSymbolExists.cxx.o] Error 1
make[1]: Leaving directory `/home/pedro/quadcopter/rosbuild/cam/build/CMakeFiles/CMakeTmp'
make[1]: *** [cmTryCompileExec3036132589/fast] Error 2

File /home/pedro/quadcopter/rosbuild/cam/build/CMakeFiles/CMakeTmp/CheckSymbolExists.cxx:
/* */
#include <QtCore/qglobal.h>

int main(int argc, char** argv)
{
  (void)argv;
#ifndef Q_WS_QWS
  return ((int*)(&Q_WS_QWS))[argc];
#else
  (void)argc;
  return 0;
#endif
}

Determining if the Q_WS_MAC exist failed with the following output:
Change Dir: /home/pedro/quadcopter/rosbuild/cam/build/CMakeFiles/CMakeTmp

Run Build Command:"/usr/bin/make" "cmTryCompileExec1887381097/fast"
make[1]: Entering directory `/home/pedro/quadcopter/rosbuild/cam/build/CMakeFiles/CMakeTmp'
/usr/bin/make -f CMakeFiles/cmTryCompileExec1887381097.dir/build.make CMakeFiles/cmTryCompileExec1887381097.dir/build
make[2]: Entering directory `/home/pedro/quadcopter/rosbuild/cam/build/CMakeFiles/CMakeTmp'
/usr/bin/cmake -E cmake_progress_report /home/pedro/quadcopter/rosbuild/cam/build/CMakeFiles/CMakeTmp/CMakeFiles 1
Building CXX object CMakeFiles/cmTryCompileExec1887381097.dir/CheckSymbolExists.cxx.o
/usr/bin/c++    -std=c++11  -I/usr/include/qt4    -o CMakeFiles/cmTryCompileExec1887381097.dir/CheckSymbolExists.cxx.o -c /home/pedro/quadcopter/rosbuild/cam/build/CMakeFiles/CMakeTmp/CheckSymbolExists.cxx
/home/pedro/quadcopter/rosbuild/cam/build/CMakeFiles/CMakeTmp/CheckSymbolExists.cxx: In function ‘int main(int, char**)’:
/home/pedro/quadcopter/rosbuild/cam/build/CMakeFiles/CMakeTmp/CheckSymbolExists.cxx:8:19: error: ‘Q_WS_MAC’ was not declared in this scope
   return ((int*)(&Q_WS_MAC))[argc];
                   ^
make[2]: Leaving directory `/home/pedro/quadcopter/rosbuild/cam/build/CMakeFiles/CMakeTmp'
make[2]: *** [CMakeFiles/cmTryCompileExec1887381097.dir/CheckSymbolExists.cxx.o] Error 1
make[1]: Leaving directory `/home/pedro/quadcopter/rosbuild/cam/build/CMakeFiles/CMakeTmp'
make[1]: *** [cmTryCompileExec1887381097/fast] Error 2

File /home/pedro/quadcopter/rosbuild/cam/build/CMakeFiles/CMakeTmp/CheckSymbolExists.cxx:
/* */
#include <QtCore/qglobal.h>

int main(int argc, char** argv)
{
  (void)argv;
#ifndef Q_WS_MAC
  return ((int*)(&Q_WS_MAC))[argc];
#else
  (void)argc;
  return 0;
#endif
}

