Determining if the pthread_create exist failed with the following output:
Change Dir: /home/pedro/ros/laser/build/CMakeFiles/CMakeTmp

Run Build Command:"/usr/bin/make" "cmTryCompileExec3751525062/fast"
make[1]: Entering directory `/home/pedro/ros/laser/build/CMakeFiles/CMakeTmp'
/usr/bin/make -f CMakeFiles/cmTryCompileExec3751525062.dir/build.make CMakeFiles/cmTryCompileExec3751525062.dir/build
make[2]: Entering directory `/home/pedro/ros/laser/build/CMakeFiles/CMakeTmp'
/usr/bin/cmake -E cmake_progress_report /home/pedro/ros/laser/build/CMakeFiles/CMakeTmp/CMakeFiles 1
Building C object CMakeFiles/cmTryCompileExec3751525062.dir/CheckSymbolExists.c.o
/usr/bin/cc    -o CMakeFiles/cmTryCompileExec3751525062.dir/CheckSymbolExists.c.o   -c /home/pedro/ros/laser/build/CMakeFiles/CMakeTmp/CheckSymbolExists.c
Linking C executable cmTryCompileExec3751525062
/usr/bin/cmake -E cmake_link_script CMakeFiles/cmTryCompileExec3751525062.dir/link.txt --verbose=1
/usr/bin/cc       CMakeFiles/cmTryCompileExec3751525062.dir/CheckSymbolExists.c.o  -o cmTryCompileExec3751525062 -rdynamic 
CMakeFiles/cmTryCompileExec3751525062.dir/CheckSymbolExists.c.o: In function `main':
CheckSymbolExists.c:(.text+0x16): undefined reference to `pthread_create'
collect2: error: ld returned 1 exit status
make[2]: Leaving directory `/home/pedro/ros/laser/build/CMakeFiles/CMakeTmp'
make[2]: *** [cmTryCompileExec3751525062] Error 1
make[1]: Leaving directory `/home/pedro/ros/laser/build/CMakeFiles/CMakeTmp'
make[1]: *** [cmTryCompileExec3751525062/fast] Error 2

File /home/pedro/ros/laser/build/CMakeFiles/CMakeTmp/CheckSymbolExists.c:
/* */
#include <pthread.h>

int main(int argc, char** argv)
{
  (void)argv;
#ifndef pthread_create
  return ((int*)(&pthread_create))[argc];
#else
  (void)argc;
  return 0;
#endif
}

Determining if the function pthread_create exists in the pthreads failed with the following output:
Change Dir: /home/pedro/ros/laser/build/CMakeFiles/CMakeTmp

Run Build Command:"/usr/bin/make" "cmTryCompileExec2993262809/fast"
make[1]: Entering directory `/home/pedro/ros/laser/build/CMakeFiles/CMakeTmp'
/usr/bin/make -f CMakeFiles/cmTryCompileExec2993262809.dir/build.make CMakeFiles/cmTryCompileExec2993262809.dir/build
make[2]: Entering directory `/home/pedro/ros/laser/build/CMakeFiles/CMakeTmp'
/usr/bin/cmake -E cmake_progress_report /home/pedro/ros/laser/build/CMakeFiles/CMakeTmp/CMakeFiles 1
Building C object CMakeFiles/cmTryCompileExec2993262809.dir/CheckFunctionExists.c.o
/usr/bin/cc   -DCHECK_FUNCTION_EXISTS=pthread_create   -o CMakeFiles/cmTryCompileExec2993262809.dir/CheckFunctionExists.c.o   -c /usr/share/cmake-3.2/Modules/CheckFunctionExists.c
Linking C executable cmTryCompileExec2993262809
/usr/bin/cmake -E cmake_link_script CMakeFiles/cmTryCompileExec2993262809.dir/link.txt --verbose=1
/usr/bin/cc   -DCHECK_FUNCTION_EXISTS=pthread_create    CMakeFiles/cmTryCompileExec2993262809.dir/CheckFunctionExists.c.o  -o cmTryCompileExec2993262809 -rdynamic -lpthreads 
/usr/bin/ld: cannot find -lpthreads
collect2: error: ld returned 1 exit status
make[2]: Leaving directory `/home/pedro/ros/laser/build/CMakeFiles/CMakeTmp'
make[1]: Leaving directory `/home/pedro/ros/laser/build/CMakeFiles/CMakeTmp'
make[2]: *** [cmTryCompileExec2993262809] Error 1
make[1]: *** [cmTryCompileExec2993262809/fast] Error 2


