Determining if the pthread_create exist failed with the following output:
Change Dir: /home/pedro/ros/danielpa/CMakeFiles/CMakeTmp

Run Build Command:"/usr/bin/make" "cmTryCompileExec4124139012/fast"
/usr/bin/make -f CMakeFiles/cmTryCompileExec4124139012.dir/build.make CMakeFiles/cmTryCompileExec4124139012.dir/build
make[1]: Entering directory `/home/pedro/ros/danielpa/CMakeFiles/CMakeTmp'
/usr/bin/cmake -E cmake_progress_report /home/pedro/ros/danielpa/CMakeFiles/CMakeTmp/CMakeFiles 1
Building C object CMakeFiles/cmTryCompileExec4124139012.dir/CheckSymbolExists.c.o
/usr/bin/cc    -o CMakeFiles/cmTryCompileExec4124139012.dir/CheckSymbolExists.c.o   -c /home/pedro/ros/danielpa/CMakeFiles/CMakeTmp/CheckSymbolExists.c
Linking C executable cmTryCompileExec4124139012
/usr/bin/cmake -E cmake_link_script CMakeFiles/cmTryCompileExec4124139012.dir/link.txt --verbose=1
/usr/bin/cc       CMakeFiles/cmTryCompileExec4124139012.dir/CheckSymbolExists.c.o  -o cmTryCompileExec4124139012 -rdynamic 
CMakeFiles/cmTryCompileExec4124139012.dir/CheckSymbolExists.c.o: In function `main':
CheckSymbolExists.c:(.text+0x16): undefined reference to `pthread_create'
collect2: error: ld returned 1 exit status
make[1]: Leaving directory `/home/pedro/ros/danielpa/CMakeFiles/CMakeTmp'
make[1]: *** [cmTryCompileExec4124139012] Error 1
make: *** [cmTryCompileExec4124139012/fast] Error 2

File /home/pedro/ros/danielpa/CMakeFiles/CMakeTmp/CheckSymbolExists.c:
/* */
#include <pthread.h>

int main(int argc, char** argv)
{
  (void)argv;
#ifndef pthread_create
  return ((int*)(&pthread_create))[argc];
#else
  (void)argc;
  return 0;
#endif
}

Determining if the function pthread_create exists in the pthreads failed with the following output:
Change Dir: /home/pedro/ros/danielpa/CMakeFiles/CMakeTmp

Run Build Command:"/usr/bin/make" "cmTryCompileExec756501994/fast"
/usr/bin/make -f CMakeFiles/cmTryCompileExec756501994.dir/build.make CMakeFiles/cmTryCompileExec756501994.dir/build
make[1]: Entering directory `/home/pedro/ros/danielpa/CMakeFiles/CMakeTmp'
/usr/bin/cmake -E cmake_progress_report /home/pedro/ros/danielpa/CMakeFiles/CMakeTmp/CMakeFiles 1
Building C object CMakeFiles/cmTryCompileExec756501994.dir/CheckFunctionExists.c.o
/usr/bin/cc   -DCHECK_FUNCTION_EXISTS=pthread_create   -o CMakeFiles/cmTryCompileExec756501994.dir/CheckFunctionExists.c.o   -c /usr/share/cmake-3.2/Modules/CheckFunctionExists.c
Linking C executable cmTryCompileExec756501994
/usr/bin/cmake -E cmake_link_script CMakeFiles/cmTryCompileExec756501994.dir/link.txt --verbose=1
/usr/bin/cc   -DCHECK_FUNCTION_EXISTS=pthread_create    CMakeFiles/cmTryCompileExec756501994.dir/CheckFunctionExists.c.o  -o cmTryCompileExec756501994 -rdynamic -lpthreads 
/usr/bin/ld: cannot find -lpthreads
make[1]: Leaving directory `/home/pedro/ros/danielpa/CMakeFiles/CMakeTmp'
collect2: error: ld returned 1 exit status
make[1]: *** [cmTryCompileExec756501994] Error 1
make: *** [cmTryCompileExec756501994/fast] Error 2


