Determining if the pthread_create exist failed with the following output:
Change Dir: /home/pedro/ros/cam/build/CMakeFiles/CMakeTmp

Run Build Command:"/usr/bin/make" "cmTryCompileExec1505972075/fast"
make[1]: Entering directory `/home/pedro/ros/cam/build/CMakeFiles/CMakeTmp'
/usr/bin/make -f CMakeFiles/cmTryCompileExec1505972075.dir/build.make CMakeFiles/cmTryCompileExec1505972075.dir/build
make[2]: Entering directory `/home/pedro/ros/cam/build/CMakeFiles/CMakeTmp'
/usr/bin/cmake -E cmake_progress_report /home/pedro/ros/cam/build/CMakeFiles/CMakeTmp/CMakeFiles 1
Building C object CMakeFiles/cmTryCompileExec1505972075.dir/CheckSymbolExists.c.o
/usr/bin/cc    -o CMakeFiles/cmTryCompileExec1505972075.dir/CheckSymbolExists.c.o   -c /home/pedro/ros/cam/build/CMakeFiles/CMakeTmp/CheckSymbolExists.c
Linking C executable cmTryCompileExec1505972075
/usr/bin/cmake -E cmake_link_script CMakeFiles/cmTryCompileExec1505972075.dir/link.txt --verbose=1
/usr/bin/cc       CMakeFiles/cmTryCompileExec1505972075.dir/CheckSymbolExists.c.o  -o cmTryCompileExec1505972075 -rdynamic 
CMakeFiles/cmTryCompileExec1505972075.dir/CheckSymbolExists.c.o: In function `main':
CheckSymbolExists.c:(.text+0x16): undefined reference to `pthread_create'
collect2: error: ld returned 1 exit status
make[2]: Leaving directory `/home/pedro/ros/cam/build/CMakeFiles/CMakeTmp'
make[1]: Leaving directory `/home/pedro/ros/cam/build/CMakeFiles/CMakeTmp'
make[2]: *** [cmTryCompileExec1505972075] Error 1
make[1]: *** [cmTryCompileExec1505972075/fast] Error 2

File /home/pedro/ros/cam/build/CMakeFiles/CMakeTmp/CheckSymbolExists.c:
/* */
#include <pthread.h>

int main(int argc, char** argv)
{
  (void)argv;
#ifndef pthread_create
  return ((int*)(&pthread_create))[argc];
#else
  (void)argc;
  return 0;
#endif
}

Determining if the function pthread_create exists in the pthreads failed with the following output:
Change Dir: /home/pedro/ros/cam/build/CMakeFiles/CMakeTmp

Run Build Command:"/usr/bin/make" "cmTryCompileExec1337407423/fast"
make[1]: Entering directory `/home/pedro/ros/cam/build/CMakeFiles/CMakeTmp'
/usr/bin/make -f CMakeFiles/cmTryCompileExec1337407423.dir/build.make CMakeFiles/cmTryCompileExec1337407423.dir/build
make[2]: Entering directory `/home/pedro/ros/cam/build/CMakeFiles/CMakeTmp'
/usr/bin/cmake -E cmake_progress_report /home/pedro/ros/cam/build/CMakeFiles/CMakeTmp/CMakeFiles 1
Building C object CMakeFiles/cmTryCompileExec1337407423.dir/CheckFunctionExists.c.o
/usr/bin/cc   -DCHECK_FUNCTION_EXISTS=pthread_create   -o CMakeFiles/cmTryCompileExec1337407423.dir/CheckFunctionExists.c.o   -c /usr/share/cmake-3.2/Modules/CheckFunctionExists.c
Linking C executable cmTryCompileExec1337407423
/usr/bin/cmake -E cmake_link_script CMakeFiles/cmTryCompileExec1337407423.dir/link.txt --verbose=1
/usr/bin/cc   -DCHECK_FUNCTION_EXISTS=pthread_create    CMakeFiles/cmTryCompileExec1337407423.dir/CheckFunctionExists.c.o  -o cmTryCompileExec1337407423 -rdynamic -lpthreads 
/usr/bin/ld: cannot find -lpthreads
collect2: error: ld returned 1 exit status
make[2]: Leaving directory `/home/pedro/ros/cam/build/CMakeFiles/CMakeTmp'
make[1]: Leaving directory `/home/pedro/ros/cam/build/CMakeFiles/CMakeTmp'
make[2]: *** [cmTryCompileExec1337407423] Error 1
make[1]: *** [cmTryCompileExec1337407423/fast] Error 2


