Determining if the pthread_create exist failed with the following output:
Change Dir: /home/ubuntu/quadcopter/ros/height_quad/build/CMakeFiles/CMakeTmp

Run Build Command:/usr/bin/make "cmTryCompileExec31650012/fast"
make[1]: Entering directory `/home/ubuntu/quadcopter/ros/height_quad/build/CMakeFiles/CMakeTmp'
/usr/bin/make -f CMakeFiles/cmTryCompileExec31650012.dir/build.make CMakeFiles/cmTryCompileExec31650012.dir/build
make[2]: Entering directory `/home/ubuntu/quadcopter/ros/height_quad/build/CMakeFiles/CMakeTmp'
/usr/bin/cmake -E cmake_progress_report /home/ubuntu/quadcopter/ros/height_quad/build/CMakeFiles/CMakeTmp/CMakeFiles 1
Building C object CMakeFiles/cmTryCompileExec31650012.dir/CheckSymbolExists.c.o
/usr/bin/cc    -o CMakeFiles/cmTryCompileExec31650012.dir/CheckSymbolExists.c.o   -c /home/ubuntu/quadcopter/ros/height_quad/build/CMakeFiles/CMakeTmp/CheckSymbolExists.c
Linking C executable cmTryCompileExec31650012
/usr/bin/cmake -E cmake_link_script CMakeFiles/cmTryCompileExec31650012.dir/link.txt --verbose=1
/usr/bin/cc       CMakeFiles/cmTryCompileExec31650012.dir/CheckSymbolExists.c.o  -o cmTryCompileExec31650012 -rdynamic 
CMakeFiles/cmTryCompileExec31650012.dir/CheckSymbolExists.c.o: In function `main':
CheckSymbolExists.c:(.text+0xe): undefined reference to `pthread_create'
CheckSymbolExists.c:(.text+0x12): undefined reference to `pthread_create'
collect2: error: ld returned 1 exit status
make[2]: Leaving directory `/home/ubuntu/quadcopter/ros/height_quad/build/CMakeFiles/CMakeTmp'
make[1]: Leaving directory `/home/ubuntu/quadcopter/ros/height_quad/build/CMakeFiles/CMakeTmp'
make[2]: *** [cmTryCompileExec31650012] Error 1
make[1]: *** [cmTryCompileExec31650012/fast] Error 2

File /home/ubuntu/quadcopter/ros/height_quad/build/CMakeFiles/CMakeTmp/CheckSymbolExists.c:
/* */
#include <pthread.h>

int main(int argc, char** argv)
{
  (void)argv;
#ifndef pthread_create
  return ((int*)(&pthread_create))[argc];
#else
  (void)argc;
  return 0;
#endif
}

Determining if the function pthread_create exists in the pthreads failed with the following output:
Change Dir: /home/ubuntu/quadcopter/ros/height_quad/build/CMakeFiles/CMakeTmp

Run Build Command:/usr/bin/make "cmTryCompileExec2215244508/fast"
make[1]: Entering directory `/home/ubuntu/quadcopter/ros/height_quad/build/CMakeFiles/CMakeTmp'
/usr/bin/make -f CMakeFiles/cmTryCompileExec2215244508.dir/build.make CMakeFiles/cmTryCompileExec2215244508.dir/build
make[2]: Entering directory `/home/ubuntu/quadcopter/ros/height_quad/build/CMakeFiles/CMakeTmp'
/usr/bin/cmake -E cmake_progress_report /home/ubuntu/quadcopter/ros/height_quad/build/CMakeFiles/CMakeTmp/CMakeFiles 1
Building C object CMakeFiles/cmTryCompileExec2215244508.dir/CheckFunctionExists.c.o
/usr/bin/cc   -DCHECK_FUNCTION_EXISTS=pthread_create   -o CMakeFiles/cmTryCompileExec2215244508.dir/CheckFunctionExists.c.o   -c /usr/share/cmake-2.8/Modules/CheckFunctionExists.c
Linking C executable cmTryCompileExec2215244508
/usr/bin/cmake -E cmake_link_script CMakeFiles/cmTryCompileExec2215244508.dir/link.txt --verbose=1
/usr/bin/cc   -DCHECK_FUNCTION_EXISTS=pthread_create    CMakeFiles/cmTryCompileExec2215244508.dir/CheckFunctionExists.c.o  -o cmTryCompileExec2215244508 -rdynamic -lpthreads 
/usr/bin/ld: cannot find -lpthreads
collect2: error: ld returned 1 exit status
make[2]: Leaving directory `/home/ubuntu/quadcopter/ros/height_quad/build/CMakeFiles/CMakeTmp'
make[2]: *** [cmTryCompileExec2215244508] Error 1
make[1]: Leaving directory `/home/ubuntu/quadcopter/ros/height_quad/build/CMakeFiles/CMakeTmp'
make[1]: *** [cmTryCompileExec2215244508/fast] Error 2


